{"C:\\Users\\preet\\OneDrive\\Documents\\jest-queue-assignment\\src\\Queue.js": {"path":"C:\\Users\\preet\\OneDrive\\Documents\\jest-queue-assignment\\src\\Queue.js","statementMap":{"0":{"start":{"line":3,"column":6},"end":{"line":3,"column":22}},"1":{"start":{"line":7,"column":6},"end":{"line":7,"column":28}},"2":{"start":{"line":11,"column":8},"end":{"line":13,"column":9}},"3":{"start":{"line":12,"column":10},"end":{"line":12,"column":44}},"4":{"start":{"line":14,"column":8},"end":{"line":14,"column":34}},"5":{"start":{"line":18,"column":6},"end":{"line":18,"column":27}},"6":{"start":{"line":22,"column":6},"end":{"line":22,"column":31}},"7":{"start":{"line":26,"column":6},"end":{"line":26,"column":37}},"8":{"start":{"line":30,"column":6},"end":{"line":30,"column":22}},"9":{"start":{"line":34,"column":2},"end":{"line":34,"column":25}}},"fnMap":{"0":{"name":"(anonymous_0)","decl":{"start":{"line":2,"column":4},"end":{"line":2,"column":5}},"loc":{"start":{"line":2,"column":18},"end":{"line":4,"column":5}},"line":2},"1":{"name":"(anonymous_1)","decl":{"start":{"line":6,"column":4},"end":{"line":6,"column":5}},"loc":{"start":{"line":6,"column":18},"end":{"line":8,"column":5}},"line":6},"2":{"name":"(anonymous_2)","decl":{"start":{"line":10,"column":4},"end":{"line":10,"column":5}},"loc":{"start":{"line":10,"column":14},"end":{"line":15,"column":5}},"line":10},"3":{"name":"(anonymous_3)","decl":{"start":{"line":17,"column":4},"end":{"line":17,"column":5}},"loc":{"start":{"line":17,"column":11},"end":{"line":19,"column":5}},"line":17},"4":{"name":"(anonymous_4)","decl":{"start":{"line":21,"column":4},"end":{"line":21,"column":5}},"loc":{"start":{"line":21,"column":13},"end":{"line":23,"column":5}},"line":21},"5":{"name":"(anonymous_5)","decl":{"start":{"line":25,"column":4},"end":{"line":25,"column":5}},"loc":{"start":{"line":25,"column":14},"end":{"line":27,"column":5}},"line":25},"6":{"name":"(anonymous_6)","decl":{"start":{"line":29,"column":4},"end":{"line":29,"column":5}},"loc":{"start":{"line":29,"column":16},"end":{"line":31,"column":5}},"line":29}},"branchMap":{"0":{"loc":{"start":{"line":11,"column":8},"end":{"line":13,"column":9}},"type":"if","locations":[{"start":{"line":11,"column":8},"end":{"line":13,"column":9}},{"start":{},"end":{}}],"line":11}},"s":{"0":8,"1":9,"2":2,"3":1,"4":1,"5":2,"6":5,"7":5,"8":1,"9":1},"f":{"0":8,"1":9,"2":2,"3":2,"4":5,"5":5,"6":1},"b":{"0":[1,1]},"_coverageSchema":"1a1c01bbd47fc00a2c39e90264f33305004495a9","hash":"def83de376f341f9b1a6c1db79e49f7127a3582f"}
}
